2025-07-27 21:40:02,399 - INFO - Starting structured MID audit
2025-07-27 21:40:02,411 - DEBUG - parsing p.13-14
2025-07-27 21:40:02,412 - DEBUG - Page range: 13 - 14
2025-07-27 21:40:02,417 - DEBUG - Scraper identified, returning its Class
2025-07-27 21:40:02,463 - DEBUG - Scraper identified, returning its Class
2025-07-27 21:40:02,485 - WARNING - goal_match ERROR for USDA-2002: name 're' is not defined
2025-07-27 21:40:02,503 - DEBUG - parsing p.13-14
2025-07-27 21:40:02,504 - DEBUG - Page range: 13 - 14
2025-07-27 21:40:02,509 - DEBUG - Scraper identified, returning its Class
2025-07-27 21:40:02,548 - DEBUG - Scraper identified, returning its Class
2025-07-27 21:40:02,581 - WARNING - goal_match ERROR for USDA-2003: name 're' is not defined
2025-07-27 21:40:02,614 - DEBUG - parsing p.11-12
2025-07-27 21:40:02,615 - DEBUG - Page range: 11 - 12
2025-07-27 21:40:02,619 - DEBUG - Scraper identified, returning its Class
2025-07-27 21:40:02,689 - DEBUG - Scraper identified, returning its Class
2025-07-27 21:40:02,714 - WARNING - goal_match ERROR for USDA-2004: name 're' is not defined
2025-07-27 21:40:02,723 - DEBUG - parsing p.15-16
2025-07-27 21:40:02,724 - DEBUG - Page range: 15 - 16
2025-07-27 21:40:02,728 - DEBUG - Scraper identified, returning its Class
2025-07-27 21:40:02,841 - DEBUG - Scraper identified, returning its Class
2025-07-27 21:40:02,923 - WARNING - goal_match ERROR for USDA-2005: name 're' is not defined
2025-07-27 21:40:02,931 - DEBUG - parsing p.14-15
2025-07-27 21:40:02,932 - DEBUG - Page range: 14 - 15
2025-07-27 21:40:02,936 - DEBUG - Scraper identified, returning its Class
2025-07-27 21:40:03,095 - DEBUG - Scraper identified, returning its Class
2025-07-27 21:40:03,212 - WARNING - goal_match ERROR for USDA-2006: name 're' is not defined
2025-07-27 21:40:03,218 - DEBUG - parsing p.13-15
2025-07-27 21:40:03,219 - DEBUG - Page range: 13 - 15
2025-07-27 21:40:03,223 - DEBUG - Scraper identified, returning its Class
2025-07-27 21:40:03,420 - DEBUG - Scraper identified, returning its Class
2025-07-27 21:40:03,559 - WARNING - goal_match ERROR for USDA-2007: name 're' is not defined
2025-07-27 21:40:03,567 - DEBUG - parsing p.13-15
2025-07-27 21:40:03,568 - DEBUG - Page range: 13 - 15
2025-07-27 21:40:03,573 - DEBUG - Scraper identified, returning its Class
2025-07-27 21:40:03,804 - DEBUG - Scraper identified, returning its Class
2025-07-27 21:40:03,987 - WARNING - goal_match ERROR for USDA-2008: name 're' is not defined
2025-07-27 21:40:03,993 - DEBUG - parsing p.14-16
2025-07-27 21:40:03,994 - DEBUG - Page range: 14 - 16
2025-07-27 21:40:03,999 - DEBUG - Scraper identified, returning its Class
2025-07-27 21:40:04,248 - DEBUG - Scraper identified, returning its Class
2025-07-27 21:40:04,423 - WARNING - goal_match ERROR for USDA-2009: name 're' is not defined
2025-07-27 21:40:04,518 - DEBUG - parsing p.16-17
2025-07-27 21:40:04,519 - DEBUG - Page range: 16 - 17
2025-07-27 21:40:04,524 - DEBUG - Scraper identified, returning its Class
2025-07-27 21:40:04,666 - DEBUG - Scraper identified, returning its Class
2025-07-27 21:40:04,782 - WARNING - goal_match ERROR for USDA-2010: name 're' is not defined
2025-07-27 21:40:04,818 - DEBUG - parsing p.13-14
2025-07-27 21:40:04,818 - DEBUG - Page range: 13 - 14
2025-07-27 21:40:04,824 - DEBUG - Scraper identified, returning its Class
2025-07-27 21:40:04,913 - DEBUG - Scraper identified, returning its Class
2025-07-27 21:40:05,010 - WARNING - goal_match ERROR for USDA-2011: name 're' is not defined
2025-07-27 21:40:05,012 - WARNING - AUDIT FATAL ERROR for AID-2002: Missing file: AID_2002.pdf
2025-07-27 21:40:05,014 - WARNING - AUDIT FATAL ERROR for AID-2003: Missing file: AID_2003.pdf
2025-07-27 21:40:05,015 - WARNING - AUDIT FATAL ERROR for AID-2004: Missing file: AID_2004.pdf
2025-07-27 21:40:05,017 - WARNING - AUDIT FATAL ERROR for AID-2005: Missing file: AID_2005.pdf
2025-07-27 21:40:05,020 - WARNING - AUDIT FATAL ERROR for AID-2006: Missing file: AID_2006.pdf
2025-07-27 21:40:05,022 - WARNING - AUDIT FATAL ERROR for AID-2007: Missing file: AID_2007.pdf
2025-07-27 21:40:05,024 - WARNING - AUDIT FATAL ERROR for AID-2008: Missing file: AID_2008.pdf
2025-07-27 21:40:05,026 - WARNING - AUDIT FATAL ERROR for AID-2009: Missing file: AID_2009.pdf
2025-07-27 21:40:05,027 - WARNING - AUDIT FATAL ERROR for AID-2010: Missing file: AID_2010.pdf
2025-07-27 21:40:05,028 - WARNING - AUDIT FATAL ERROR for AID-2010: Missing file: AID_2010.pdf
2025-07-27 21:40:05,030 - WARNING - AUDIT FATAL ERROR for AID-2010: Missing file: AID_2010.pdf
2025-07-27 21:40:05,032 - WARNING - AUDIT FATAL ERROR for AID-2010: Missing file: AID_2010.pdf
2025-07-27 21:40:05,034 - WARNING - AUDIT FATAL ERROR for AID-2010: Missing file: AID_2010.pdf
2025-07-27 21:40:05,036 - WARNING - AUDIT FATAL ERROR for AID-2010: Missing file: AID_2010.pdf
2025-07-27 21:40:05,038 - WARNING - AUDIT FATAL ERROR for AID-2010: Missing file: AID_2010.pdf
2025-07-27 21:40:05,039 - WARNING - AUDIT FATAL ERROR for AID-2010: Missing file: AID_2010.pdf
2025-07-27 21:40:05,041 - WARNING - AUDIT FATAL ERROR for AID-2010: Missing file: AID_2010.pdf
2025-07-27 21:40:05,043 - WARNING - AUDIT FATAL ERROR for AID-2010: Missing file: AID_2010.pdf
2025-07-27 21:40:05,044 - WARNING - AUDIT FATAL ERROR for AID-2010: Missing file: AID_2010.pdf
2025-07-27 21:40:05,046 - WARNING - AUDIT FATAL ERROR for AID-2010: Missing file: AID_2010.pdf
2025-07-27 21:40:05,048 - WARNING - AUDIT FATAL ERROR for AID-2010: Missing file: AID_2010.pdf
2025-07-27 21:40:05,049 - WARNING - AUDIT FATAL ERROR for AID-2010: Missing file: AID_2010.pdf
2025-07-27 21:40:05,052 - WARNING - AUDIT FATAL ERROR for AID-2010: Missing file: AID_2010.pdf
2025-07-27 21:40:05,053 - WARNING - AUDIT FATAL ERROR for AID-2010: Missing file: AID_2010.pdf
2025-07-27 21:40:05,055 - WARNING - AUDIT FATAL ERROR for AID-2010: Missing file: AID_2010.pdf
2025-07-27 21:40:05,056 - WARNING - AUDIT FATAL ERROR for AID-2010: Missing file: AID_2010.pdf
2025-07-27 21:40:05,057 - WARNING - AUDIT FATAL ERROR for AID-2010: Missing file: AID_2010.pdf
2025-07-27 21:40:05,059 - WARNING - AUDIT FATAL ERROR for AID-2010: Missing file: AID_2010.pdf
2025-07-27 21:40:05,061 - WARNING - AUDIT FATAL ERROR for AID-2010: Missing file: AID_2010.pdf
2025-07-27 21:40:05,063 - WARNING - AUDIT FATAL ERROR for AID-2010: Missing file: AID_2010.pdf
2025-07-27 21:40:05,065 - WARNING - AUDIT FATAL ERROR for AID-2010: Missing file: AID_2010.pdf
2025-07-27 21:40:05,068 - WARNING - AUDIT FATAL ERROR for AID-2010: Missing file: AID_2010.pdf
2025-07-27 21:40:05,070 - WARNING - AUDIT FATAL ERROR for AID-2010: Missing file: AID_2010.pdf
2025-07-27 21:40:05,071 - WARNING - AUDIT FATAL ERROR for AID-2010: Missing file: AID_2010.pdf
2025-07-27 21:40:05,073 - WARNING - AUDIT FATAL ERROR for AID-2011: Missing file: AID_2011.pdf
2025-07-27 21:40:05,083 - DEBUG - parsing P.83-85
2025-07-27 21:40:05,084 - DEBUG - Page range: 83 - 85
2025-07-27 21:40:05,089 - DEBUG - Scraper identified, returning its Class
2025-07-27 21:40:05,201 - DEBUG - Scraper identified, returning its Class
2025-07-27 21:40:05,209 - WARNING - goal_match ERROR for COM-2002: name 're' is not defined
2025-07-27 21:40:05,215 - DEBUG - parsing P.119
2025-07-27 21:40:05,215 - DEBUG - Single page: 119
2025-07-27 21:40:05,221 - DEBUG - Scraper identified, returning its Class
2025-07-27 21:40:05,262 - WARNING - goal_match ERROR for COM-2002: name 're' is not defined
2025-07-27 21:40:05,270 - DEBUG - parsing P.131-132
2025-07-27 21:40:05,271 - DEBUG - Page range: 131 - 132
2025-07-27 21:40:05,276 - DEBUG - Scraper identified, returning its Class
2025-07-27 21:40:05,313 - WARNING - goal_match ERROR for COM-2002: name 're' is not defined
2025-07-27 21:40:05,325 - DEBUG - parsing P.155-156
2025-07-27 21:40:05,326 - DEBUG - Page range: 155 - 156
2025-07-27 21:40:05,335 - DEBUG - Scraper identified, returning its Class
2025-07-27 21:40:05,380 - WARNING - goal_match ERROR for COM-2002: name 're' is not defined
2025-07-27 21:40:05,393 - DEBUG - parsing P.187-188
2025-07-27 21:40:05,394 - DEBUG - Page range: 187 - 188
2025-07-27 21:40:05,401 - DEBUG - Scraper identified, returning its Class
2025-07-27 21:40:05,452 - WARNING - goal_match ERROR for COM-2002: name 're' is not defined
2025-07-27 21:40:05,457 - DEBUG - parsing P.217-218
2025-07-27 21:40:05,458 - DEBUG - Page range: 217 - 218
2025-07-27 21:40:05,461 - DEBUG - Scraper identified, returning its Class
2025-07-27 21:40:05,497 - WARNING - goal_match ERROR for COM-2002: name 're' is not defined
2025-07-27 21:40:05,503 - DEBUG - parsing P.238
2025-07-27 21:40:05,503 - DEBUG - Single page: 238
2025-07-27 21:40:05,507 - DEBUG - Scraper identified, returning its Class
2025-07-27 21:40:05,535 - WARNING - goal_match ERROR for COM-2002: name 're' is not defined
2025-07-27 21:40:05,541 - DEBUG - parsing P.255
2025-07-27 21:40:05,541 - DEBUG - Single page: 255
2025-07-27 21:40:05,545 - DEBUG - Scraper identified, returning its Class
2025-07-27 21:40:05,575 - WARNING - goal_match ERROR for COM-2002: name 're' is not defined
2025-07-27 21:40:05,581 - DEBUG - parsing P.270-271
2025-07-27 21:40:05,582 - DEBUG - Page range: 270 - 271
2025-07-27 21:40:05,586 - DEBUG - Scraper identified, returning its Class
2025-07-27 21:40:05,620 - WARNING - goal_match ERROR for COM-2002: name 're' is not defined
2025-07-27 21:40:05,625 - DEBUG - parsing P.316
2025-07-27 21:40:05,626 - DEBUG - Single page: 316
2025-07-27 21:40:05,631 - DEBUG - Scraper identified, returning its Class
2025-07-27 21:40:05,656 - WARNING - goal_match ERROR for COM-2002: name 're' is not defined
2025-07-27 21:40:05,662 - DEBUG - parsing P.330-332
2025-07-27 21:40:05,664 - DEBUG - Page range: 330 - 332
2025-07-27 21:40:05,669 - DEBUG - Scraper identified, returning its Class
2025-07-27 21:40:05,710 - WARNING - goal_match ERROR for COM-2002: name 're' is not defined
2025-07-27 21:40:05,717 - DEBUG - parsing p.83-84
2025-07-27 21:40:05,718 - DEBUG - Page range: 83 - 84
2025-07-27 21:40:05,723 - DEBUG - Scraper identified, returning its Class
2025-07-27 21:40:05,752 - WARNING - goal_match ERROR for COM-2003: name 're' is not defined
2025-07-27 21:40:05,757 - DEBUG - parsing p.110-111
2025-07-27 21:40:05,758 - DEBUG - Page range: 110 - 111
2025-07-27 21:40:05,762 - DEBUG - Scraper identified, returning its Class
2025-07-27 21:40:05,805 - DEBUG - Scraper identified, returning its Class
2025-07-27 21:40:05,810 - WARNING - goal_match ERROR for COM-2003: name 're' is not defined
2025-07-27 21:40:05,818 - DEBUG - parsing p.130-132
2025-07-27 21:40:05,819 - DEBUG - Page range: 130 - 132
2025-07-27 21:40:05,824 - DEBUG - Scraper identified, returning its Class
2025-07-27 21:40:05,853 - DEBUG - Scraper identified, returning its Class
2025-07-27 21:40:05,858 - WARNING - goal_match ERROR for COM-2003: name 're' is not defined
2025-07-27 21:40:05,865 - DEBUG - parsing p.168-169
2025-07-27 21:40:05,866 - DEBUG - Page range: 168 - 169
2025-07-27 21:40:05,871 - DEBUG - Scraper identified, returning its Class
2025-07-27 21:40:05,908 - DEBUG - Scraper identified, returning its Class
2025-07-27 21:40:05,916 - WARNING - goal_match ERROR for COM-2003: name 're' is not defined
2025-07-27 21:40:05,925 - DEBUG - parsing P.207-208
2025-07-27 21:40:05,926 - DEBUG - Page range: 207 - 208
2025-07-27 21:40:05,943 - DEBUG - Scraper identified, returning its Class
2025-07-27 21:40:05,980 - DEBUG - Scraper identified, returning its Class
2025-07-27 21:40:05,986 - WARNING - goal_match ERROR for COM-2003: name 're' is not defined
2025-07-27 21:40:05,991 - DEBUG - parsing P.227
2025-07-27 21:40:05,992 - DEBUG - Single page: 227
2025-07-27 21:40:05,998 - DEBUG - Scraper identified, returning its Class
2025-07-27 21:40:06,027 - DEBUG - Scraper identified, returning its Class
2025-07-27 21:40:06,035 - WARNING - goal_match ERROR for COM-2003: name 're' is not defined
2025-07-27 21:40:06,041 - DEBUG - parsing P.249
2025-07-27 21:40:06,042 - DEBUG - Single page: 249
2025-07-27 21:40:06,050 - DEBUG - Scraper identified, returning its Class
2025-07-27 21:40:06,077 - DEBUG - Scraper identified, returning its Class
2025-07-27 21:40:06,082 - WARNING - goal_match ERROR for COM-2003: name 're' is not defined
2025-07-27 21:40:06,087 - DEBUG - parsing P.272-273
2025-07-27 21:40:06,088 - DEBUG - Page range: 272 - 273
2025-07-27 21:40:06,091 - DEBUG - Scraper identified, returning its Class
2025-07-27 21:40:06,127 - DEBUG - Scraper identified, returning its Class
2025-07-27 21:40:06,135 - WARNING - goal_match ERROR for COM-2003: name 're' is not defined
2025-07-27 21:40:06,141 - DEBUG - parsing P.322
2025-07-27 21:40:06,142 - DEBUG - Single page: 322
2025-07-27 21:40:06,146 - DEBUG - Scraper identified, returning its Class
2025-07-27 21:40:06,173 - DEBUG - Scraper identified, returning its Class
2025-07-27 21:40:06,178 - WARNING - goal_match ERROR for COM-2003: name 're' is not defined
2025-07-27 21:40:06,184 - DEBUG - parsing P.342-344
2025-07-27 21:40:06,185 - DEBUG - Page range: 342 - 344
2025-07-27 21:40:06,189 - DEBUG - Scraper identified, returning its Class
2025-07-27 21:40:06,222 - DEBUG - Scraper identified, returning its Class
2025-07-27 21:40:06,226 - WARNING - goal_match ERROR for COM-2003: name 're' is not defined
2025-07-27 21:40:06,233 - DEBUG - parsing P.403-404
2025-07-27 21:40:06,234 - DEBUG - Page range: 403 - 404
2025-07-27 21:40:06,238 - DEBUG - Scraper identified, returning its Class
2025-07-27 21:40:06,273 - DEBUG - Scraper identified, returning its Class
2025-07-27 21:40:06,282 - WARNING - goal_match ERROR for COM-2003: name 're' is not defined
2025-07-27 21:40:06,288 - DEBUG - parsing P.440
2025-07-27 21:40:06,289 - DEBUG - Single page: 440
2025-07-27 21:40:06,293 - DEBUG - Scraper identified, returning its Class
2025-07-27 21:40:06,328 - DEBUG - Scraper identified, returning its Class
2025-07-27 21:40:06,334 - WARNING - goal_match ERROR for COM-2003: name 're' is not defined
2025-07-27 21:40:06,341 - DEBUG - parsing P.294-339
2025-07-27 21:40:06,342 - DEBUG - Page range: 294 - 339
2025-07-27 21:40:06,346 - DEBUG - Scraper identified, returning its Class
2025-07-27 21:40:06,722 - DEBUG - Scraper identified, returning its Class
2025-07-27 21:40:07,212 - WARNING - goal_match ERROR for COM-2004: name 're' is not defined
2025-07-27 21:40:07,220 - DEBUG - parsing p.20-23
2025-07-27 21:40:07,220 - DEBUG - Page range: 20 - 23
2025-07-27 21:40:07,224 - DEBUG - Scraper identified, returning its Class
2025-07-27 21:40:07,271 - DEBUG - Scraper identified, returning its Class
2025-07-27 21:40:07,276 - WARNING - goal_match ERROR for COM-2005: name 're' is not defined
2025-07-27 21:40:07,287 - DEBUG - parsing p.20-23
2025-07-27 21:40:07,288 - DEBUG - Page range: 20 - 23
2025-07-27 21:40:07,296 - DEBUG - Scraper identified, returning its Class
2025-07-27 21:40:07,397 - DEBUG - Scraper identified, returning its Class
2025-07-27 21:40:07,408 - WARNING - goal_match ERROR for COM-2006: name 're' is not defined
2025-07-27 21:40:07,420 - DEBUG - parsing p.22-23
2025-07-27 21:40:07,421 - DEBUG - Page range: 22 - 23
2025-07-27 21:40:07,425 - DEBUG - Scraper identified, returning its Class
2025-07-27 21:40:07,526 - DEBUG - Scraper identified, returning its Class
2025-07-27 21:40:07,532 - WARNING - goal_match ERROR for COM-2007: name 're' is not defined
2025-07-27 21:40:07,556 - DEBUG - parsing p.22-23
2025-07-27 21:40:07,557 - DEBUG - Page range: 22 - 23
2025-07-27 21:40:07,563 - DEBUG - Scraper identified, returning its Class
2025-07-27 21:40:07,669 - DEBUG - Scraper identified, returning its Class
2025-07-27 21:40:07,676 - WARNING - goal_match ERROR for COM-2008: name 're' is not defined
2025-07-27 21:40:07,704 - DEBUG - parsing p.26-27
2025-07-27 21:40:07,705 - DEBUG - Page range: 26 - 27
2025-07-27 21:40:07,710 - DEBUG - Scraper identified, returning its Class
2025-07-27 21:40:07,937 - DEBUG - Scraper identified, returning its Class
2025-07-27 21:40:07,945 - WARNING - goal_match ERROR for COM-2009: name 're' is not defined
2025-07-27 21:40:07,980 - DEBUG - parsing p.25-26
2025-07-27 21:40:07,981 - DEBUG - Page range: 25 - 26
2025-07-27 21:40:07,986 - DEBUG - Scraper identified, returning its Class
2025-07-27 21:40:08,233 - DEBUG - Scraper identified, returning its Class
2025-07-27 21:40:08,242 - WARNING - goal_match ERROR for COM-2010: name 're' is not defined
2025-07-27 21:40:08,282 - DEBUG - parsing p.27-30
2025-07-27 21:40:08,283 - DEBUG - Page range: 27 - 30
2025-07-27 21:40:08,289 - DEBUG - Scraper identified, returning its Class
2025-07-27 21:40:08,621 - DEBUG - Scraper identified, returning its Class
2025-07-27 21:40:08,629 - WARNING - goal_match ERROR for COM-2011: name 're' is not defined
2025-07-27 21:40:08,668 - DEBUG - parsing P.7
2025-07-27 21:40:08,669 - DEBUG - Single page: 7
2025-07-27 21:40:08,673 - DEBUG - Scraper identified, returning its Class
2025-07-27 21:40:08,693 - DEBUG - Scraper identified, returning its Class
2025-07-27 21:40:08,704 - WARNING - goal_match ERROR for EDU-2002: name 're' is not defined
2025-07-27 21:40:08,728 - DEBUG - parsing P.8
2025-07-27 21:40:08,729 - DEBUG - Single page: 8
2025-07-27 21:40:08,737 - DEBUG - Scraper identified, returning its Class
2025-07-27 21:40:08,757 - DEBUG - Scraper identified, returning its Class
2025-07-27 21:40:08,768 - WARNING - goal_match ERROR for EDU-2002: name 're' is not defined
2025-07-27 21:40:08,785 - DEBUG - parsing P.8
2025-07-27 21:40:08,786 - DEBUG - Single page: 8
2025-07-27 21:40:08,790 - DEBUG - Scraper identified, returning its Class
2025-07-27 21:40:08,809 - DEBUG - Scraper identified, returning its Class
2025-07-27 21:40:08,819 - WARNING - goal_match ERROR for EDU-2002: name 're' is not defined
2025-07-27 21:40:08,836 - DEBUG - parsing P.14
2025-07-27 21:40:08,837 - DEBUG - Single page: 14
2025-07-27 21:40:08,842 - DEBUG - Scraper identified, returning its Class
2025-07-27 21:40:08,859 - DEBUG - Scraper identified, returning its Class
2025-07-27 21:40:08,865 - WARNING - goal_match ERROR for EDU-2002: name 're' is not defined
2025-07-27 21:40:08,881 - DEBUG - parsing P.15
2025-07-27 21:40:08,882 - DEBUG - Single page: 15
2025-07-27 21:40:08,887 - DEBUG - Scraper identified, returning its Class
2025-07-27 21:40:08,903 - DEBUG - Scraper identified, returning its Class
2025-07-27 21:40:08,908 - WARNING - goal_match ERROR for EDU-2002: name 're' is not defined
2025-07-27 21:40:08,926 - DEBUG - parsing P.16
2025-07-27 21:40:08,927 - DEBUG - Single page: 16
2025-07-27 21:40:08,931 - DEBUG - Scraper identified, returning its Class
2025-07-27 21:40:08,946 - DEBUG - Scraper identified, returning its Class
2025-07-27 21:40:08,953 - WARNING - goal_match ERROR for EDU-2002: name 're' is not defined
2025-07-27 21:40:08,969 - DEBUG - parsing P.17
2025-07-27 21:40:08,970 - DEBUG - Single page: 17
2025-07-27 21:40:08,974 - DEBUG - Scraper identified, returning its Class
2025-07-27 21:40:08,996 - DEBUG - Scraper identified, returning its Class
2025-07-27 21:40:09,008 - WARNING - goal_match ERROR for EDU-2002: name 're' is not defined
2025-07-27 21:40:09,027 - DEBUG - parsing P.23
2025-07-27 21:40:09,027 - DEBUG - Single page: 23
2025-07-27 21:40:09,031 - DEBUG - Scraper identified, returning its Class
2025-07-27 21:40:09,055 - DEBUG - Scraper identified, returning its Class
2025-07-27 21:40:09,064 - WARNING - goal_match ERROR for EDU-2002: name 're' is not defined
2025-07-27 21:40:09,084 - DEBUG - parsing P.23
2025-07-27 21:40:09,084 - DEBUG - Single page: 23
2025-07-27 21:40:09,089 - DEBUG - Scraper identified, returning its Class
2025-07-27 21:40:09,110 - DEBUG - Scraper identified, returning its Class
2025-07-27 21:40:09,122 - WARNING - goal_match ERROR for EDU-2002: name 're' is not defined
2025-07-27 21:40:09,141 - DEBUG - parsing P.24
2025-07-27 21:40:09,142 - DEBUG - Single page: 24
2025-07-27 21:40:09,148 - DEBUG - Scraper identified, returning its Class
2025-07-27 21:40:09,171 - DEBUG - Scraper identified, returning its Class
2025-07-27 21:40:09,178 - WARNING - goal_match ERROR for EDU-2002: name 're' is not defined
2025-07-27 21:40:09,194 - DEBUG - parsing P.30
2025-07-27 21:40:09,195 - DEBUG - Single page: 30
2025-07-27 21:40:09,199 - DEBUG - Scraper identified, returning its Class
2025-07-27 21:40:09,220 - DEBUG - Scraper identified, returning its Class
2025-07-27 21:40:09,230 - WARNING - goal_match ERROR for EDU-2002: name 're' is not defined
2025-07-27 21:40:09,248 - DEBUG - parsing P.30
2025-07-27 21:40:09,249 - DEBUG - Single page: 30
2025-07-27 21:40:09,255 - DEBUG - Scraper identified, returning its Class
2025-07-27 21:40:09,276 - DEBUG - Scraper identified, returning its Class
2025-07-27 21:40:09,289 - WARNING - goal_match ERROR for EDU-2002: name 're' is not defined
2025-07-27 21:40:09,305 - DEBUG - parsing P.37
2025-07-27 21:40:09,306 - DEBUG - Single page: 37
2025-07-27 21:40:09,310 - DEBUG - Scraper identified, returning its Class
2025-07-27 21:40:09,327 - DEBUG - Scraper identified, returning its Class
2025-07-27 21:40:09,338 - DEBUG - Scraper identified, returning its Class
2025-07-27 21:40:09,346 - WARNING - goal_match ERROR for EDU-2002: name 're' is not defined
2025-07-27 21:40:09,364 - DEBUG - parsing P.37
2025-07-27 21:40:09,365 - DEBUG - Single page: 37
2025-07-27 21:40:09,370 - DEBUG - Scraper identified, returning its Class
2025-07-27 21:40:09,390 - DEBUG - Scraper identified, returning its Class
2025-07-27 21:40:09,401 - DEBUG - Scraper identified, returning its Class
2025-07-27 21:40:09,408 - WARNING - goal_match ERROR for EDU-2002: name 're' is not defined
2025-07-27 21:40:09,425 - DEBUG - parsing p.38
2025-07-27 21:40:09,425 - DEBUG - Single page: 38
2025-07-27 21:40:09,429 - DEBUG - Scraper identified, returning its Class
2025-07-27 21:40:09,446 - DEBUG - Scraper identified, returning its Class
2025-07-27 21:40:09,456 - DEBUG - Scraper identified, returning its Class
2025-07-27 21:40:09,462 - WARNING - goal_match ERROR for EDU-2002: name 're' is not defined
2025-07-27 21:40:09,479 - DEBUG - parsing p.38
2025-07-27 21:40:09,480 - DEBUG - Single page: 38
2025-07-27 21:40:09,486 - DEBUG - Scraper identified, returning its Class
2025-07-27 21:40:09,505 - DEBUG - Scraper identified, returning its Class
2025-07-27 21:40:09,514 - DEBUG - Scraper identified, returning its Class
2025-07-27 21:40:09,524 - WARNING - goal_match ERROR for EDU-2002: name 're' is not defined
2025-07-27 21:40:09,547 - DEBUG - parsing p.39
2025-07-27 21:40:09,548 - DEBUG - Single page: 39
2025-07-27 21:40:09,553 - DEBUG - Scraper identified, returning its Class
2025-07-27 21:40:09,579 - DEBUG - Scraper identified, returning its Class
2025-07-27 21:40:09,594 - DEBUG - Scraper identified, returning its Class
2025-07-27 21:40:09,611 - WARNING - goal_match ERROR for EDU-2002: name 're' is not defined
2025-07-27 21:40:09,631 - DEBUG - parsing p.39
2025-07-27 21:40:09,632 - DEBUG - Single page: 39
2025-07-27 21:40:09,637 - DEBUG - Scraper identified, returning its Class
2025-07-27 21:40:09,661 - DEBUG - Scraper identified, returning its Class
2025-07-27 21:40:09,676 - DEBUG - Scraper identified, returning its Class
2025-07-27 21:40:09,689 - WARNING - goal_match ERROR for EDU-2002: name 're' is not defined
2025-07-27 21:40:09,708 - DEBUG - parsing p.39
2025-07-27 21:40:09,708 - DEBUG - Single page: 39
2025-07-27 21:40:09,712 - DEBUG - Scraper identified, returning its Class
2025-07-27 21:40:09,739 - DEBUG - Scraper identified, returning its Class
2025-07-27 21:40:09,755 - DEBUG - Scraper identified, returning its Class
2025-07-27 21:40:09,767 - WARNING - goal_match ERROR for EDU-2002: name 're' is not defined
2025-07-27 21:40:09,785 - DEBUG - parsing p.39
2025-07-27 21:40:09,786 - DEBUG - Single page: 39
2025-07-27 21:40:09,790 - DEBUG - Scraper identified, returning its Class
2025-07-27 21:40:09,818 - DEBUG - Scraper identified, returning its Class
2025-07-27 21:40:09,836 - DEBUG - Scraper identified, returning its Class
2025-07-27 21:40:09,848 - WARNING - goal_match ERROR for EDU-2002: name 're' is not defined
2025-07-27 21:40:09,866 - DEBUG - parsing p.40
2025-07-27 21:40:09,867 - DEBUG - Single page: 40
2025-07-27 21:40:09,871 - DEBUG - Scraper identified, returning its Class
2025-07-27 21:40:09,889 - DEBUG - Scraper identified, returning its Class
2025-07-27 21:40:09,898 - DEBUG - Scraper identified, returning its Class
2025-07-27 21:40:09,905 - WARNING - goal_match ERROR for EDU-2002: name 're' is not defined
2025-07-27 21:40:09,921 - DEBUG - parsing p.40
2025-07-27 21:40:09,922 - DEBUG - Single page: 40
2025-07-27 21:40:09,926 - DEBUG - Scraper identified, returning its Class
2025-07-27 21:40:09,944 - DEBUG - Scraper identified, returning its Class
2025-07-27 21:40:09,954 - DEBUG - Scraper identified, returning its Class
2025-07-27 21:40:09,959 - WARNING - goal_match ERROR for EDU-2002: name 're' is not defined
2025-07-27 21:40:09,977 - DEBUG - parsing p.41
2025-07-27 21:40:09,977 - DEBUG - Single page: 41
2025-07-27 21:40:09,981 - DEBUG - Scraper identified, returning its Class
2025-07-27 21:40:10,004 - DEBUG - Scraper identified, returning its Class
2025-07-27 21:40:10,017 - DEBUG - Scraper identified, returning its Class
2025-07-27 21:40:10,025 - WARNING - goal_match ERROR for EDU-2002: name 're' is not defined
2025-07-27 21:40:10,045 - DEBUG - parsing p.41
2025-07-27 21:40:10,046 - DEBUG - Single page: 41
2025-07-27 21:40:10,051 - DEBUG - Scraper identified, returning its Class
2025-07-27 21:40:10,071 - DEBUG - Scraper identified, returning its Class
2025-07-27 21:40:10,084 - DEBUG - Scraper identified, returning its Class
2025-07-27 21:40:10,092 - WARNING - goal_match ERROR for EDU-2002: name 're' is not defined
2025-07-27 21:40:10,108 - DEBUG - parsing p.51
2025-07-27 21:40:10,109 - DEBUG - Single page: 51
2025-07-27 21:40:10,113 - DEBUG - Scraper identified, returning its Class
2025-07-27 21:40:10,132 - DEBUG - Scraper identified, returning its Class
2025-07-27 21:40:10,147 - DEBUG - Scraper identified, returning its Class
2025-07-27 21:40:10,158 - WARNING - goal_match ERROR for EDU-2002: name 're' is not defined
2025-07-27 21:40:10,175 - DEBUG - parsing p.51
2025-07-27 21:40:10,176 - DEBUG - Single page: 51
2025-07-27 21:40:10,179 - DEBUG - Scraper identified, returning its Class
2025-07-27 21:40:10,199 - DEBUG - Scraper identified, returning its Class
2025-07-27 21:40:10,211 - DEBUG - Scraper identified, returning its Class
2025-07-27 21:40:10,222 - WARNING - goal_match ERROR for EDU-2002: name 're' is not defined
2025-07-27 21:40:10,239 - DEBUG - parsing p.52
2025-07-27 21:40:10,240 - DEBUG - Single page: 52
2025-07-27 21:40:10,244 - DEBUG - Scraper identified, returning its Class
2025-07-27 21:40:10,296 - DEBUG - Scraper identified, returning its Class
2025-07-27 21:40:10,323 - DEBUG - Scraper identified, returning its Class
2025-07-27 21:40:10,342 - WARNING - goal_match ERROR for EDU-2002: name 're' is not defined
2025-07-27 21:40:10,373 - DEBUG - parsing p.52
2025-07-27 21:40:10,374 - DEBUG - Single page: 52
2025-07-27 21:40:10,380 - DEBUG - Scraper identified, returning its Class
2025-07-27 21:40:10,423 - DEBUG - Scraper identified, returning its Class
2025-07-27 21:40:10,449 - DEBUG - Scraper identified, returning its Class
2025-07-27 21:40:10,470 - WARNING - goal_match ERROR for EDU-2002: name 're' is not defined
2025-07-27 21:40:10,505 - DEBUG - parsing p.52
2025-07-27 21:40:10,506 - DEBUG - Single page: 52
2025-07-27 21:40:10,511 - DEBUG - Scraper identified, returning its Class
2025-07-27 21:40:10,553 - DEBUG - Scraper identified, returning its Class
2025-07-27 21:40:10,583 - DEBUG - Scraper identified, returning its Class
2025-07-27 21:40:10,612 - WARNING - goal_match ERROR for EDU-2002: name 're' is not defined
2025-07-27 21:40:10,640 - DEBUG - parsing p.52
2025-07-27 21:40:10,640 - DEBUG - Single page: 52
2025-07-27 21:40:10,645 - DEBUG - Scraper identified, returning its Class
2025-07-27 21:40:10,682 - DEBUG - Scraper identified, returning its Class
2025-07-27 21:40:10,708 - DEBUG - Scraper identified, returning its Class
2025-07-27 21:40:10,730 - WARNING - goal_match ERROR for EDU-2002: name 're' is not defined
2025-07-27 21:40:10,755 - DEBUG - parsing p.53
2025-07-27 21:40:10,756 - DEBUG - Single page: 53
2025-07-27 21:40:10,760 - DEBUG - Scraper identified, returning its Class
2025-07-27 21:40:10,798 - DEBUG - Scraper identified, returning its Class
2025-07-27 21:40:10,824 - DEBUG - Scraper identified, returning its Class
2025-07-27 21:40:10,848 - WARNING - goal_match ERROR for EDU-2002: name 're' is not defined
2025-07-27 21:40:10,875 - DEBUG - parsing p.53
2025-07-27 21:40:10,876 - DEBUG - Single page: 53
2025-07-27 21:40:10,883 - DEBUG - Scraper identified, returning its Class
2025-07-27 21:40:10,921 - DEBUG - Scraper identified, returning its Class
2025-07-27 21:40:10,948 - DEBUG - Scraper identified, returning its Class
2025-07-27 21:40:10,971 - WARNING - goal_match ERROR for EDU-2002: name 're' is not defined
2025-07-27 21:40:10,995 - DEBUG - parsing p.53
2025-07-27 21:40:10,996 - DEBUG - Single page: 53
2025-07-27 21:40:11,001 - DEBUG - Scraper identified, returning its Class
2025-07-27 21:40:11,046 - DEBUG - Scraper identified, returning its Class
2025-07-27 21:40:11,073 - DEBUG - Scraper identified, returning its Class
2025-07-27 21:40:11,095 - WARNING - goal_match ERROR for EDU-2002: name 're' is not defined
2025-07-27 21:40:11,124 - DEBUG - parsing p.53
2025-07-27 21:40:11,125 - DEBUG - Single page: 53
2025-07-27 21:40:11,131 - DEBUG - Scraper identified, returning its Class
2025-07-27 21:40:11,175 - DEBUG - Scraper identified, returning its Class
2025-07-27 21:40:11,203 - DEBUG - Scraper identified, returning its Class
2025-07-27 21:40:11,225 - WARNING - goal_match ERROR for EDU-2002: name 're' is not defined
2025-07-27 21:40:11,258 - DEBUG - parsing p.54
2025-07-27 21:40:11,259 - DEBUG - Single page: 54
2025-07-27 21:40:11,264 - DEBUG - Scraper identified, returning its Class
2025-07-27 21:40:11,296 - DEBUG - Scraper identified, returning its Class
2025-07-27 21:40:11,331 - DEBUG - Scraper identified, returning its Class
2025-07-27 21:40:11,348 - WARNING - goal_match ERROR for EDU-2002: name 're' is not defined
2025-07-27 21:40:11,378 - DEBUG - parsing p.54
2025-07-27 21:40:11,379 - DEBUG - Single page: 54
2025-07-27 21:40:11,386 - DEBUG - Scraper identified, returning its Class
2025-07-27 21:40:11,418 - DEBUG - Scraper identified, returning its Class
2025-07-27 21:40:11,439 - DEBUG - Scraper identified, returning its Class
2025-07-27 21:40:11,455 - WARNING - goal_match ERROR for EDU-2002: name 're' is not defined
2025-07-27 21:40:11,478 - DEBUG - parsing p.54
2025-07-27 21:40:11,479 - DEBUG - Single page: 54
2025-07-27 21:40:11,486 - DEBUG - Scraper identified, returning its Class
2025-07-27 21:40:11,523 - DEBUG - Scraper identified, returning its Class
2025-07-27 21:40:11,544 - DEBUG - Scraper identified, returning its Class
2025-07-27 21:40:11,561 - WARNING - goal_match ERROR for EDU-2002: name 're' is not defined
2025-07-27 21:40:11,593 - DEBUG - parsing p.55
2025-07-27 21:40:11,594 - DEBUG - Single page: 55
2025-07-27 21:40:11,599 - DEBUG - Scraper identified, returning its Class
2025-07-27 21:40:11,636 - DEBUG - Scraper identified, returning its Class
2025-07-27 21:40:11,658 - DEBUG - Scraper identified, returning its Class
2025-07-27 21:40:11,676 - WARNING - goal_match ERROR for EDU-2002: name 're' is not defined
2025-07-27 21:40:11,707 - DEBUG - parsing p.55
2025-07-27 21:40:11,708 - DEBUG - Single page: 55
2025-07-27 21:40:11,713 - DEBUG - Scraper identified, returning its Class
2025-07-27 21:40:11,750 - DEBUG - Scraper identified, returning its Class
2025-07-27 21:40:11,773 - DEBUG - Scraper identified, returning its Class
2025-07-27 21:40:11,795 - WARNING - goal_match ERROR for EDU-2002: name 're' is not defined
2025-07-27 21:40:11,821 - DEBUG - parsing p.55
2025-07-27 21:40:11,822 - DEBUG - Single page: 55
2025-07-27 21:40:11,827 - DEBUG - Scraper identified, returning its Class
2025-07-27 21:40:11,870 - DEBUG - Scraper identified, returning its Class
2025-07-27 21:40:11,892 - DEBUG - Scraper identified, returning its Class
2025-07-27 21:40:11,916 - WARNING - goal_match ERROR for EDU-2002: name 're' is not defined
2025-07-27 21:40:11,945 - DEBUG - parsing p.55
2025-07-27 21:40:11,946 - DEBUG - Single page: 55
2025-07-27 21:40:11,951 - DEBUG - Scraper identified, returning its Class
2025-07-27 21:40:11,988 - DEBUG - Scraper identified, returning its Class
2025-07-27 21:40:12,014 - DEBUG - Scraper identified, returning its Class
2025-07-27 21:40:12,040 - WARNING - goal_match ERROR for EDU-2002: name 're' is not defined
2025-07-27 21:40:12,071 - DEBUG - parsing p.57
2025-07-27 21:40:12,071 - DEBUG - Single page: 57
2025-07-27 21:40:12,076 - DEBUG - Scraper identified, returning its Class
2025-07-27 21:40:12,120 - DEBUG - Scraper identified, returning its Class
2025-07-27 21:40:12,154 - DEBUG - Scraper identified, returning its Class
2025-07-27 21:40:12,182 - WARNING - goal_match ERROR for EDU-2002: name 're' is not defined
2025-07-27 21:40:12,209 - DEBUG - parsing p.57
2025-07-27 21:40:12,210 - DEBUG - Single page: 57
2025-07-27 21:40:12,215 - DEBUG - Scraper identified, returning its Class
2025-07-27 21:40:12,258 - DEBUG - Scraper identified, returning its Class
2025-07-27 21:40:12,282 - DEBUG - Scraper identified, returning its Class
2025-07-27 21:40:12,305 - WARNING - goal_match ERROR for EDU-2002: name 're' is not defined
2025-07-27 21:40:12,335 - DEBUG - parsing p.57
2025-07-27 21:40:12,336 - DEBUG - Single page: 57
2025-07-27 21:40:12,342 - DEBUG - Scraper identified, returning its Class
2025-07-27 21:40:12,383 - DEBUG - Scraper identified, returning its Class
2025-07-27 21:40:12,410 - DEBUG - Scraper identified, returning its Class
2025-07-27 21:40:12,429 - WARNING - goal_match ERROR for EDU-2002: name 're' is not defined
2025-07-27 21:40:12,458 - DEBUG - parsing p.57
2025-07-27 21:40:12,459 - DEBUG - Single page: 57
2025-07-27 21:40:12,463 - DEBUG - Scraper identified, returning its Class
2025-07-27 21:40:12,501 - DEBUG - Scraper identified, returning its Class
2025-07-27 21:40:12,525 - DEBUG - Scraper identified, returning its Class
2025-07-27 21:40:12,544 - WARNING - goal_match ERROR for EDU-2002: name 're' is not defined
2025-07-27 21:40:12,576 - DEBUG - parsing p.67
2025-07-27 21:40:12,576 - DEBUG - Single page: 67
2025-07-27 21:40:12,582 - DEBUG - Scraper identified, returning its Class
2025-07-27 21:40:12,615 - DEBUG - Scraper identified, returning its Class
2025-07-27 21:40:12,632 - DEBUG - Scraper identified, returning its Class
2025-07-27 21:40:12,647 - WARNING - goal_match ERROR for EDU-2002: name 're' is not defined
2025-07-27 21:40:12,676 - DEBUG - parsing p.67
2025-07-27 21:40:12,676 - DEBUG - Single page: 67
2025-07-27 21:40:12,681 - DEBUG - Scraper identified, returning its Class
2025-07-27 21:40:12,712 - DEBUG - Scraper identified, returning its Class
2025-07-27 21:40:12,731 - DEBUG - Scraper identified, returning its Class
2025-07-27 21:40:12,746 - WARNING - goal_match ERROR for EDU-2002: name 're' is not defined
2025-07-27 21:40:12,771 - DEBUG - parsing p.68
2025-07-27 21:40:12,772 - DEBUG - Single page: 68
2025-07-27 21:40:12,777 - DEBUG - Scraper identified, returning its Class
2025-07-27 21:40:12,834 - DEBUG - Scraper identified, returning its Class
2025-07-27 21:40:12,868 - DEBUG - Scraper identified, returning its Class
2025-07-27 21:40:12,906 - WARNING - goal_match ERROR for EDU-2002: name 're' is not defined
2025-07-27 21:40:12,931 - DEBUG - parsing p.68
2025-07-27 21:40:12,931 - DEBUG - Single page: 68
2025-07-27 21:40:12,938 - DEBUG - Scraper identified, returning its Class
2025-07-27 21:40:12,993 - DEBUG - Scraper identified, returning its Class
2025-07-27 21:40:13,024 - DEBUG - Scraper identified, returning its Class
2025-07-27 21:40:13,053 - WARNING - goal_match ERROR for EDU-2002: name 're' is not defined
2025-07-27 21:40:13,077 - DEBUG - parsing p.68
2025-07-27 21:40:13,078 - DEBUG - Single page: 68
2025-07-27 21:40:13,084 - DEBUG - Scraper identified, returning its Class
2025-07-27 21:40:13,136 - DEBUG - Scraper identified, returning its Class
2025-07-27 21:40:13,167 - DEBUG - Scraper identified, returning its Class
2025-07-27 21:40:13,197 - WARNING - goal_match ERROR for EDU-2002: name 're' is not defined
2025-07-27 21:40:13,224 - DEBUG - parsing p.68
2025-07-27 21:40:13,225 - DEBUG - Single page: 68
2025-07-27 21:40:13,230 - DEBUG - Scraper identified, returning its Class
2025-07-27 21:40:13,277 - DEBUG - Scraper identified, returning its Class
2025-07-27 21:40:13,310 - DEBUG - Scraper identified, returning its Class
2025-07-27 21:40:13,345 - WARNING - goal_match ERROR for EDU-2002: name 're' is not defined
2025-07-27 21:40:13,372 - DEBUG - parsing p.68
2025-07-27 21:40:13,372 - DEBUG - Single page: 68
2025-07-27 21:40:13,377 - DEBUG - Scraper identified, returning its Class
2025-07-27 21:40:13,427 - DEBUG - Scraper identified, returning its Class
2025-07-27 21:40:13,462 - DEBUG - Scraper identified, returning its Class
2025-07-27 21:40:13,489 - WARNING - goal_match ERROR for EDU-2002: name 're' is not defined
2025-07-27 21:40:13,514 - DEBUG - parsing p.73
2025-07-27 21:40:13,515 - DEBUG - Single page: 73
2025-07-27 21:40:13,521 - DEBUG - Scraper identified, returning its Class
2025-07-27 21:40:13,549 - DEBUG - Scraper identified, returning its Class
2025-07-27 21:40:13,565 - DEBUG - Scraper identified, returning its Class
2025-07-27 21:40:13,574 - WARNING - goal_match ERROR for EDU-2002: name 're' is not defined
2025-07-27 21:40:13,601 - DEBUG - parsing p.74
2025-07-27 21:40:13,602 - DEBUG - Single page: 74
2025-07-27 21:40:13,607 - DEBUG - Scraper identified, returning its Class
2025-07-27 21:40:13,632 - DEBUG - Scraper identified, returning its Class
2025-07-27 21:40:13,653 - DEBUG - Scraper identified, returning its Class
2025-07-27 21:40:13,663 - WARNING - goal_match ERROR for EDU-2002: name 're' is not defined
2025-07-27 21:40:13,689 - DEBUG - parsing p.79
2025-07-27 21:40:13,690 - DEBUG - Single page: 79
2025-07-27 21:40:13,695 - DEBUG - Scraper identified, returning its Class
2025-07-27 21:40:13,726 - DEBUG - Scraper identified, returning its Class
2025-07-27 21:40:13,745 - DEBUG - Scraper identified, returning its Class
2025-07-27 21:40:13,759 - WARNING - goal_match ERROR for EDU-2002: name 're' is not defined
2025-07-27 21:40:13,790 - DEBUG - parsing p.79
2025-07-27 21:40:13,791 - DEBUG - Single page: 79
2025-07-27 21:40:13,796 - DEBUG - Scraper identified, returning its Class
2025-07-27 21:40:13,826 - DEBUG - Scraper identified, returning its Class
2025-07-27 21:40:13,847 - DEBUG - Scraper identified, returning its Class
2025-07-27 21:40:13,859 - WARNING - goal_match ERROR for EDU-2002: name 're' is not defined
2025-07-27 21:40:13,887 - DEBUG - parsing p.80
2025-07-27 21:40:13,888 - DEBUG - Single page: 80
2025-07-27 21:40:13,896 - DEBUG - Scraper identified, returning its Class
2025-07-27 21:40:13,927 - DEBUG - Scraper identified, returning its Class
2025-07-27 21:40:13,946 - DEBUG - Scraper identified, returning its Class
2025-07-27 21:40:13,960 - WARNING - goal_match ERROR for EDU-2002: name 're' is not defined
2025-07-27 21:40:13,992 - DEBUG - parsing p.80
2025-07-27 21:40:13,992 - DEBUG - Single page: 80
2025-07-27 21:40:13,997 - DEBUG - Scraper identified, returning its Class
2025-07-27 21:40:14,028 - DEBUG - Scraper identified, returning its Class
2025-07-27 21:40:14,045 - DEBUG - Scraper identified, returning its Class
2025-07-27 21:40:14,057 - WARNING - goal_match ERROR for EDU-2002: name 're' is not defined
2025-07-27 21:40:14,083 - DEBUG - parsing p.86
2025-07-27 21:40:14,084 - DEBUG - Single page: 86
2025-07-27 21:40:14,091 - DEBUG - Scraper identified, returning its Class
2025-07-27 21:40:14,114 - DEBUG - Scraper identified, returning its Class
2025-07-27 21:40:14,129 - DEBUG - Scraper identified, returning its Class
2025-07-27 21:40:14,138 - WARNING - goal_match ERROR for EDU-2002: name 're' is not defined
2025-07-27 21:40:14,161 - DEBUG - parsing p.87
2025-07-27 21:40:14,162 - DEBUG - Single page: 87
2025-07-27 21:40:14,167 - DEBUG - Scraper identified, returning its Class
2025-07-27 21:40:14,192 - DEBUG - Scraper identified, returning its Class
2025-07-27 21:40:14,207 - DEBUG - Scraper identified, returning its Class
2025-07-27 21:40:14,214 - WARNING - goal_match ERROR for EDU-2002: name 're' is not defined
2025-07-27 21:40:14,239 - DEBUG - parsing p.88
2025-07-27 21:40:14,240 - DEBUG - Single page: 88
2025-07-27 21:40:14,244 - DEBUG - Scraper identified, returning its Class
2025-07-27 21:40:14,274 - DEBUG - Scraper identified, returning its Class
2025-07-27 21:40:14,291 - DEBUG - Scraper identified, returning its Class
2025-07-27 21:40:14,305 - WARNING - goal_match ERROR for EDU-2002: name 're' is not defined
2025-07-27 21:40:14,336 - DEBUG - parsing p.88
2025-07-27 21:40:14,337 - DEBUG - Single page: 88
2025-07-27 21:40:14,342 - DEBUG - Scraper identified, returning its Class
2025-07-27 21:40:14,372 - DEBUG - Scraper identified, returning its Class
2025-07-27 21:40:14,389 - DEBUG - Scraper identified, returning its Class
2025-07-27 21:40:14,402 - WARNING - goal_match ERROR for EDU-2002: name 're' is not defined
2025-07-27 21:40:14,428 - DEBUG - parsing p.93
2025-07-27 21:40:14,429 - DEBUG - Single page: 93
2025-07-27 21:40:14,434 - DEBUG - Scraper identified, returning its Class
2025-07-27 21:40:14,474 - DEBUG - Scraper identified, returning its Class
2025-07-27 21:40:14,498 - DEBUG - Scraper identified, returning its Class
2025-07-27 21:40:14,521 - WARNING - goal_match ERROR for EDU-2002: name 're' is not defined
2025-07-27 21:40:14,551 - DEBUG - parsing p.93
2025-07-27 21:40:14,552 - DEBUG - Single page: 93
2025-07-27 21:40:14,559 - DEBUG - Scraper identified, returning its Class
2025-07-27 21:40:14,601 - DEBUG - Scraper identified, returning its Class
2025-07-27 21:40:14,628 - DEBUG - Scraper identified, returning its Class
2025-07-27 21:40:14,655 - WARNING - goal_match ERROR for EDU-2002: name 're' is not defined
2025-07-27 21:40:14,680 - DEBUG - parsing p.93
2025-07-27 21:40:14,681 - DEBUG - Single page: 93
2025-07-27 21:40:14,686 - DEBUG - Scraper identified, returning its Class
2025-07-27 21:40:14,728 - DEBUG - Scraper identified, returning its Class
2025-07-27 21:40:14,755 - DEBUG - Scraper identified, returning its Class
2025-07-27 21:40:14,777 - WARNING - goal_match ERROR for EDU-2002: name 're' is not defined
2025-07-27 21:40:14,805 - DEBUG - parsing p.93
2025-07-27 21:40:14,806 - DEBUG - Single page: 93
2025-07-27 21:40:14,810 - DEBUG - Scraper identified, returning its Class
2025-07-27 21:40:14,851 - DEBUG - Scraper identified, returning its Class
2025-07-27 21:40:14,878 - DEBUG - Scraper identified, returning its Class
2025-07-27 21:40:14,898 - WARNING - goal_match ERROR for EDU-2002: name 're' is not defined
2025-07-27 21:40:14,926 - DEBUG - parsing p.93
2025-07-27 21:40:14,927 - DEBUG - Single page: 93
2025-07-27 21:40:14,931 - DEBUG - Scraper identified, returning its Class
2025-07-27 21:40:14,976 - DEBUG - Scraper identified, returning its Class
2025-07-27 21:40:15,001 - DEBUG - Scraper identified, returning its Class
2025-07-27 21:40:15,023 - WARNING - goal_match ERROR for EDU-2002: name 're' is not defined
2025-07-27 21:40:15,049 - DEBUG - parsing p.93
2025-07-27 21:40:15,050 - DEBUG - Single page: 93
2025-07-27 21:40:15,055 - DEBUG - Scraper identified, returning its Class
2025-07-27 21:40:15,099 - DEBUG - Scraper identified, returning its Class
2025-07-27 21:40:15,124 - DEBUG - Scraper identified, returning its Class
2025-07-27 21:40:15,145 - WARNING - goal_match ERROR for EDU-2002: name 're' is not defined
2025-07-27 21:40:15,172 - DEBUG - parsing p.93
2025-07-27 21:40:15,173 - DEBUG - Single page: 93
2025-07-27 21:40:15,179 - DEBUG - Scraper identified, returning its Class
2025-07-27 21:40:15,234 - DEBUG - Scraper identified, returning its Class
2025-07-27 21:40:15,259 - DEBUG - Scraper identified, returning its Class
2025-07-27 21:40:15,279 - WARNING - goal_match ERROR for EDU-2002: name 're' is not defined
2025-07-27 21:40:15,307 - DEBUG - parsing p.93
2025-07-27 21:40:15,308 - DEBUG - Single page: 93
2025-07-27 21:40:15,314 - DEBUG - Scraper identified, returning its Class
2025-07-27 21:40:15,355 - DEBUG - Scraper identified, returning its Class
2025-07-27 21:40:15,378 - DEBUG - Scraper identified, returning its Class
2025-07-27 21:40:15,404 - WARNING - goal_match ERROR for EDU-2002: name 're' is not defined
2025-07-27 21:40:15,427 - DEBUG - parsing p.93
2025-07-27 21:40:15,428 - DEBUG - Single page: 93
2025-07-27 21:40:15,433 - DEBUG - Scraper identified, returning its Class
2025-07-27 21:40:15,473 - DEBUG - Scraper identified, returning its Class
2025-07-27 21:40:15,501 - DEBUG - Scraper identified, returning its Class
2025-07-27 21:40:15,522 - WARNING - goal_match ERROR for EDU-2002: name 're' is not defined
2025-07-27 21:40:15,549 - DEBUG - parsing p.95
2025-07-27 21:40:15,550 - DEBUG - Single page: 95
2025-07-27 21:40:15,555 - DEBUG - Scraper identified, returning its Class
2025-07-27 21:40:15,607 - DEBUG - Scraper identified, returning its Class
2025-07-27 21:40:15,649 - DEBUG - Scraper identified, returning its Class
2025-07-27 21:40:15,677 - WARNING - goal_match ERROR for EDU-2002: name 're' is not defined
2025-07-27 21:40:15,702 - DEBUG - parsing p.95
2025-07-27 21:40:15,703 - DEBUG - Single page: 95
2025-07-27 21:40:15,708 - DEBUG - Scraper identified, returning its Class
2025-07-27 21:40:15,763 - DEBUG - Scraper identified, returning its Class
2025-07-27 21:40:15,799 - DEBUG - Scraper identified, returning its Class
2025-07-27 21:40:15,829 - WARNING - goal_match ERROR for EDU-2002: name 're' is not defined
2025-07-27 21:40:15,861 - DEBUG - parsing p.95
2025-07-27 21:40:15,862 - DEBUG - Single page: 95
2025-07-27 21:40:15,866 - DEBUG - Scraper identified, returning its Class
2025-07-27 21:40:15,912 - DEBUG - Scraper identified, returning its Class
2025-07-27 21:40:15,945 - DEBUG - Scraper identified, returning its Class
2025-07-27 21:40:15,978 - WARNING - goal_match ERROR for EDU-2002: name 're' is not defined
2025-07-27 21:40:16,004 - DEBUG - parsing p.95
2025-07-27 21:40:16,005 - DEBUG - Single page: 95
2025-07-27 21:40:16,009 - DEBUG - Scraper identified, returning its Class
2025-07-27 21:40:16,065 - DEBUG - Scraper identified, returning its Class
2025-07-27 21:40:16,097 - DEBUG - Scraper identified, returning its Class
2025-07-27 21:40:16,127 - WARNING - goal_match ERROR for EDU-2002: name 're' is not defined
2025-07-27 21:40:16,153 - DEBUG - parsing p.95
2025-07-27 21:40:16,154 - DEBUG - Single page: 95
2025-07-27 21:40:16,159 - DEBUG - Scraper identified, returning its Class
2025-07-27 21:40:16,211 - DEBUG - Scraper identified, returning its Class
2025-07-27 21:40:16,245 - DEBUG - Scraper identified, returning its Class
2025-07-27 21:40:16,276 - WARNING - goal_match ERROR for EDU-2002: name 're' is not defined
2025-07-27 21:40:16,300 - DEBUG - parsing p.95
2025-07-27 21:40:16,301 - DEBUG - Single page: 95
2025-07-27 21:40:16,306 - DEBUG - Scraper identified, returning its Class
2025-07-27 21:40:16,360 - DEBUG - Scraper identified, returning its Class
2025-07-27 21:40:16,396 - DEBUG - Scraper identified, returning its Class
2025-07-27 21:40:16,426 - WARNING - goal_match ERROR for EDU-2002: name 're' is not defined
2025-07-27 21:40:16,451 - DEBUG - parsing p.97
2025-07-27 21:40:16,452 - DEBUG - Single page: 97
2025-07-27 21:40:16,458 - DEBUG - Scraper identified, returning its Class
2025-07-27 21:40:16,510 - DEBUG - Scraper identified, returning its Class
2025-07-27 21:40:16,545 - DEBUG - Scraper identified, returning its Class
2025-07-27 21:40:16,572 - WARNING - goal_match ERROR for EDU-2002: name 're' is not defined
2025-07-27 21:40:16,601 - DEBUG - parsing p.97
2025-07-27 21:40:16,602 - DEBUG - Single page: 97
2025-07-27 21:40:16,608 - DEBUG - Scraper identified, returning its Class
2025-07-27 21:40:16,654 - DEBUG - Scraper identified, returning its Class
2025-07-27 21:40:16,682 - DEBUG - Scraper identified, returning its Class
2025-07-27 21:40:16,709 - WARNING - goal_match ERROR for EDU-2002: name 're' is not defined
2025-07-27 21:40:16,738 - DEBUG - parsing p.97
2025-07-27 21:40:16,739 - DEBUG - Single page: 97
2025-07-27 21:40:16,743 - DEBUG - Scraper identified, returning its Class
2025-07-27 21:40:16,794 - DEBUG - Scraper identified, returning its Class
2025-07-27 21:40:16,834 - DEBUG - Scraper identified, returning its Class
2025-07-27 21:40:16,865 - WARNING - goal_match ERROR for EDU-2002: name 're' is not defined
2025-07-27 21:40:16,892 - DEBUG - parsing p.97
2025-07-27 21:40:16,892 - DEBUG - Single page: 97
2025-07-27 21:40:16,897 - DEBUG - Scraper identified, returning its Class
2025-07-27 21:40:16,945 - DEBUG - Scraper identified, returning its Class
2025-07-27 21:40:16,978 - DEBUG - Scraper identified, returning its Class
2025-07-27 21:40:17,007 - WARNING - goal_match ERROR for EDU-2002: name 're' is not defined
2025-07-27 21:40:17,034 - DEBUG - parsing p.97
2025-07-27 21:40:17,036 - DEBUG - Single page: 97
2025-07-27 21:40:17,041 - DEBUG - Scraper identified, returning its Class
2025-07-27 21:40:17,087 - DEBUG - Scraper identified, returning its Class
2025-07-27 21:40:17,120 - DEBUG - Scraper identified, returning its Class
2025-07-27 21:40:17,150 - WARNING - goal_match ERROR for EDU-2002: name 're' is not defined
2025-07-27 21:40:17,175 - DEBUG - parsing p.97
2025-07-27 21:40:17,176 - DEBUG - Single page: 97
2025-07-27 21:40:17,182 - DEBUG - Scraper identified, returning its Class
2025-07-27 21:40:17,229 - DEBUG - Scraper identified, returning its Class
2025-07-27 21:40:17,260 - DEBUG - Scraper identified, returning its Class
2025-07-27 21:40:17,288 - WARNING - goal_match ERROR for EDU-2002: name 're' is not defined
2025-07-27 21:40:17,314 - DEBUG - parsing p.102
2025-07-27 21:40:17,316 - DEBUG - Single page: 102
2025-07-27 21:40:17,320 - DEBUG - Scraper identified, returning its Class
2025-07-27 21:40:17,344 - DEBUG - Scraper identified, returning its Class
2025-07-27 21:40:17,360 - DEBUG - Scraper identified, returning its Class
2025-07-27 21:40:17,373 - WARNING - goal_match ERROR for EDU-2002: name 're' is not defined
