2025-07-27 21:40:39,060 - INFO - Initialized Logger
2025-07-27 21:40:40,861 - INFO - Successfully loaded MID
2025-07-27 21:40:40,863 - DEBUG - Initializing UI
2025-07-27 21:40:40,869 - DEBUG - Added Load Document button
2025-07-27 21:40:40,870 - DEBUG - Added Previous Page button
2025-07-27 21:40:40,871 - DEBUG - Added Next Page button
2025-07-27 21:40:40,871 - DEBUG - Added Scrape Page button
2025-07-27 21:40:40,872 - DEBUG - Added Accept Scrape button
2025-07-27 21:40:40,872 - DEBUG - Added Reject Scrape button
2025-07-27 21:40:40,872 - DEBUG - Added Next MID Entry button
2025-07-27 21:40:40,873 - DEBUG - Added Previous MID Entry button
2025-07-27 21:40:40,874 - DEBUG - Added Settings button
2025-07-27 21:40:40,876 - DEBUG - Added Audit button
2025-07-27 21:40:41,860 - DEBUG - parsing p.13-14
2025-07-27 21:40:41,861 - DEBUG - Page range: 13 - 14
2025-07-27 21:40:41,862 - INFO - Loaded USDA_2002.pdf for USDA (2002), pages: [13, 14]
2025-07-27 21:40:41,863 - DEBUG - Attempting to display a new document page
2025-07-27 21:40:41,898 - DEBUG - Attempting to scrape page
2025-07-27 21:40:41,903 - DEBUG - Scraper identified, returning its Class
2025-07-27 21:40:41,917 - INFO - Scraped page 13
2025-07-27 21:40:41,921 - DEBUG - First MID row loaded successfully
2025-07-27 21:40:42,052 - DEBUG - Window resized
2025-07-27 21:40:42,053 - DEBUG - Attempting to display a new document page
2025-07-27 21:40:42,072 - DEBUG - Attempting to scrape page
2025-07-27 21:40:42,078 - DEBUG - Scraper identified, returning its Class
2025-07-27 21:40:42,088 - INFO - Scraped page 13
2025-07-27 21:40:44,160 - INFO - Starting MID Audit
2025-07-27 21:40:44,162 - INFO - Starting structured MID audit
2025-07-27 21:40:44,173 - DEBUG - parsing p.13-14
2025-07-27 21:40:44,174 - DEBUG - Page range: 13 - 14
2025-07-27 21:40:44,180 - DEBUG - Scraper identified, returning its Class
2025-07-27 21:40:44,224 - DEBUG - Scraper identified, returning its Class
2025-07-27 21:40:44,250 - WARNING - goal_match ERROR for USDA-2002: name 'self' is not defined
2025-07-27 21:40:44,272 - DEBUG - parsing p.13-14
2025-07-27 21:40:44,273 - DEBUG - Page range: 13 - 14
2025-07-27 21:40:44,278 - DEBUG - Scraper identified, returning its Class
2025-07-27 21:40:44,319 - DEBUG - Scraper identified, returning its Class
2025-07-27 21:40:44,351 - WARNING - goal_match ERROR for USDA-2003: name 'self' is not defined
2025-07-27 21:40:44,385 - DEBUG - parsing p.11-12
2025-07-27 21:40:44,386 - DEBUG - Page range: 11 - 12
2025-07-27 21:40:44,390 - DEBUG - Scraper identified, returning its Class
2025-07-27 21:40:44,456 - DEBUG - Scraper identified, returning its Class
2025-07-27 21:40:44,480 - WARNING - goal_match ERROR for USDA-2004: name 'self' is not defined
2025-07-27 21:40:44,489 - DEBUG - parsing p.15-16
2025-07-27 21:40:44,490 - DEBUG - Page range: 15 - 16
2025-07-27 21:40:44,495 - DEBUG - Scraper identified, returning its Class
2025-07-27 21:40:44,616 - DEBUG - Scraper identified, returning its Class
2025-07-27 21:40:44,702 - WARNING - goal_match ERROR for USDA-2005: name 'self' is not defined
2025-07-27 21:40:44,709 - DEBUG - parsing p.14-15
2025-07-27 21:40:44,710 - DEBUG - Page range: 14 - 15
2025-07-27 21:40:44,715 - DEBUG - Scraper identified, returning its Class
2025-07-27 21:40:44,882 - DEBUG - Scraper identified, returning its Class
2025-07-27 21:40:44,943 - WARNING - goal_match ERROR for USDA-2006: name 'self' is not defined
2025-07-27 21:40:44,948 - DEBUG - parsing p.13-15
2025-07-27 21:40:44,948 - DEBUG - Page range: 13 - 15
2025-07-27 21:40:44,954 - DEBUG - Scraper identified, returning its Class
2025-07-27 21:40:45,150 - DEBUG - Scraper identified, returning its Class
2025-07-27 21:40:45,264 - WARNING - goal_match ERROR for USDA-2007: name 'self' is not defined
2025-07-27 21:40:45,269 - DEBUG - parsing p.13-15
2025-07-27 21:40:45,270 - DEBUG - Page range: 13 - 15
2025-07-27 21:40:45,274 - DEBUG - Scraper identified, returning its Class
2025-07-27 21:40:45,426 - DEBUG - Scraper identified, returning its Class
2025-07-27 21:40:45,590 - WARNING - goal_match ERROR for USDA-2008: name 'self' is not defined
2025-07-27 21:40:45,595 - DEBUG - parsing p.14-16
2025-07-27 21:40:45,596 - DEBUG - Page range: 14 - 16
2025-07-27 21:40:45,599 - DEBUG - Scraper identified, returning its Class
2025-07-27 21:40:45,738 - DEBUG - Scraper identified, returning its Class
2025-07-27 21:40:45,836 - WARNING - goal_match ERROR for USDA-2009: name 'self' is not defined
2025-07-27 21:40:45,901 - DEBUG - parsing p.16-17
2025-07-27 21:40:45,902 - DEBUG - Page range: 16 - 17
2025-07-27 21:40:45,906 - DEBUG - Scraper identified, returning its Class
2025-07-27 21:40:46,018 - DEBUG - Scraper identified, returning its Class
2025-07-27 21:40:46,120 - WARNING - goal_match ERROR for USDA-2010: name 'self' is not defined
2025-07-27 21:40:46,147 - DEBUG - parsing p.13-14
2025-07-27 21:40:46,148 - DEBUG - Page range: 13 - 14
2025-07-27 21:40:46,152 - DEBUG - Scraper identified, returning its Class
2025-07-27 21:40:46,234 - DEBUG - Scraper identified, returning its Class
2025-07-27 21:40:46,321 - WARNING - goal_match ERROR for USDA-2011: name 'self' is not defined
2025-07-27 21:40:46,323 - WARNING - AUDIT FATAL ERROR for AID-2002: Missing file: AID_2002.pdf
2025-07-27 21:40:46,324 - WARNING - AUDIT FATAL ERROR for AID-2003: Missing file: AID_2003.pdf
2025-07-27 21:40:46,326 - WARNING - AUDIT FATAL ERROR for AID-2004: Missing file: AID_2004.pdf
2025-07-27 21:40:46,328 - WARNING - AUDIT FATAL ERROR for AID-2005: Missing file: AID_2005.pdf
2025-07-27 21:40:46,330 - WARNING - AUDIT FATAL ERROR for AID-2006: Missing file: AID_2006.pdf
2025-07-27 21:40:46,332 - WARNING - AUDIT FATAL ERROR for AID-2007: Missing file: AID_2007.pdf
2025-07-27 21:40:46,333 - WARNING - AUDIT FATAL ERROR for AID-2008: Missing file: AID_2008.pdf
2025-07-27 21:40:46,334 - WARNING - AUDIT FATAL ERROR for AID-2009: Missing file: AID_2009.pdf
2025-07-27 21:40:46,336 - WARNING - AUDIT FATAL ERROR for AID-2010: Missing file: AID_2010.pdf
2025-07-27 21:40:46,337 - WARNING - AUDIT FATAL ERROR for AID-2010: Missing file: AID_2010.pdf
2025-07-27 21:40:46,338 - WARNING - AUDIT FATAL ERROR for AID-2010: Missing file: AID_2010.pdf
2025-07-27 21:40:46,339 - WARNING - AUDIT FATAL ERROR for AID-2010: Missing file: AID_2010.pdf
2025-07-27 21:40:46,339 - WARNING - AUDIT FATAL ERROR for AID-2010: Missing file: AID_2010.pdf
2025-07-27 21:40:46,340 - WARNING - AUDIT FATAL ERROR for AID-2010: Missing file: AID_2010.pdf
2025-07-27 21:40:46,341 - WARNING - AUDIT FATAL ERROR for AID-2010: Missing file: AID_2010.pdf
2025-07-27 21:40:46,343 - WARNING - AUDIT FATAL ERROR for AID-2010: Missing file: AID_2010.pdf
2025-07-27 21:40:46,345 - WARNING - AUDIT FATAL ERROR for AID-2010: Missing file: AID_2010.pdf
2025-07-27 21:40:46,347 - WARNING - AUDIT FATAL ERROR for AID-2010: Missing file: AID_2010.pdf
2025-07-27 21:40:46,348 - WARNING - AUDIT FATAL ERROR for AID-2010: Missing file: AID_2010.pdf
2025-07-27 21:40:46,350 - WARNING - AUDIT FATAL ERROR for AID-2010: Missing file: AID_2010.pdf
2025-07-27 21:40:46,351 - WARNING - AUDIT FATAL ERROR for AID-2010: Missing file: AID_2010.pdf
2025-07-27 21:40:46,352 - WARNING - AUDIT FATAL ERROR for AID-2010: Missing file: AID_2010.pdf
2025-07-27 21:40:46,354 - WARNING - AUDIT FATAL ERROR for AID-2010: Missing file: AID_2010.pdf
2025-07-27 21:40:46,354 - WARNING - AUDIT FATAL ERROR for AID-2010: Missing file: AID_2010.pdf
2025-07-27 21:40:46,355 - WARNING - AUDIT FATAL ERROR for AID-2010: Missing file: AID_2010.pdf
2025-07-27 21:40:46,356 - WARNING - AUDIT FATAL ERROR for AID-2010: Missing file: AID_2010.pdf
2025-07-27 21:40:46,357 - WARNING - AUDIT FATAL ERROR for AID-2010: Missing file: AID_2010.pdf
2025-07-27 21:40:46,358 - WARNING - AUDIT FATAL ERROR for AID-2010: Missing file: AID_2010.pdf
2025-07-27 21:40:46,360 - WARNING - AUDIT FATAL ERROR for AID-2010: Missing file: AID_2010.pdf
2025-07-27 21:40:46,362 - WARNING - AUDIT FATAL ERROR for AID-2010: Missing file: AID_2010.pdf
2025-07-27 21:40:46,363 - WARNING - AUDIT FATAL ERROR for AID-2010: Missing file: AID_2010.pdf
2025-07-27 21:40:46,365 - WARNING - AUDIT FATAL ERROR for AID-2010: Missing file: AID_2010.pdf
2025-07-27 21:40:46,366 - WARNING - AUDIT FATAL ERROR for AID-2010: Missing file: AID_2010.pdf
2025-07-27 21:40:46,368 - WARNING - AUDIT FATAL ERROR for AID-2010: Missing file: AID_2010.pdf
2025-07-27 21:40:46,369 - WARNING - AUDIT FATAL ERROR for AID-2011: Missing file: AID_2011.pdf
2025-07-27 21:40:46,381 - DEBUG - parsing P.83-85
2025-07-27 21:40:46,382 - DEBUG - Page range: 83 - 85
2025-07-27 21:40:46,387 - DEBUG - Scraper identified, returning its Class
2025-07-27 21:40:46,510 - DEBUG - Scraper identified, returning its Class
2025-07-27 21:40:46,517 - WARNING - goal_match ERROR for COM-2002: name 'self' is not defined
2025-07-27 21:40:46,523 - DEBUG - parsing P.119
2025-07-27 21:40:46,523 - DEBUG - Single page: 119
2025-07-27 21:40:46,528 - DEBUG - Scraper identified, returning its Class
2025-07-27 21:40:46,555 - WARNING - goal_match ERROR for COM-2002: name 'self' is not defined
2025-07-27 21:40:46,562 - DEBUG - parsing P.131-132
2025-07-27 21:40:46,562 - DEBUG - Page range: 131 - 132
2025-07-27 21:40:46,567 - DEBUG - Scraper identified, returning its Class
2025-07-27 21:40:46,597 - WARNING - goal_match ERROR for COM-2002: name 'self' is not defined
2025-07-27 21:40:46,602 - DEBUG - parsing P.155-156
2025-07-27 21:40:46,603 - DEBUG - Page range: 155 - 156
2025-07-27 21:40:46,606 - DEBUG - Scraper identified, returning its Class
2025-07-27 21:40:46,644 - WARNING - goal_match ERROR for COM-2002: name 'self' is not defined
2025-07-27 21:40:46,649 - DEBUG - parsing P.187-188
2025-07-27 21:40:46,650 - DEBUG - Page range: 187 - 188
2025-07-27 21:40:46,653 - DEBUG - Scraper identified, returning its Class
2025-07-27 21:40:46,684 - WARNING - goal_match ERROR for COM-2002: name 'self' is not defined
2025-07-27 21:40:46,689 - DEBUG - parsing P.217-218
2025-07-27 21:40:46,689 - DEBUG - Page range: 217 - 218
2025-07-27 21:40:46,693 - DEBUG - Scraper identified, returning its Class
2025-07-27 21:40:46,735 - WARNING - goal_match ERROR for COM-2002: name 'self' is not defined
2025-07-27 21:40:46,740 - DEBUG - parsing P.238
2025-07-27 21:40:46,741 - DEBUG - Single page: 238
2025-07-27 21:40:46,747 - DEBUG - Scraper identified, returning its Class
2025-07-27 21:40:46,773 - WARNING - goal_match ERROR for COM-2002: name 'self' is not defined
2025-07-27 21:40:46,779 - DEBUG - parsing P.255
2025-07-27 21:40:46,780 - DEBUG - Single page: 255
2025-07-27 21:40:46,785 - DEBUG - Scraper identified, returning its Class
2025-07-27 21:40:46,820 - WARNING - goal_match ERROR for COM-2002: name 'self' is not defined
2025-07-27 21:40:46,827 - DEBUG - parsing P.270-271
2025-07-27 21:40:46,828 - DEBUG - Page range: 270 - 271
2025-07-27 21:40:46,832 - DEBUG - Scraper identified, returning its Class
2025-07-27 21:40:46,865 - WARNING - goal_match ERROR for COM-2002: name 'self' is not defined
2025-07-27 21:40:46,870 - DEBUG - parsing P.316
2025-07-27 21:40:46,871 - DEBUG - Single page: 316
2025-07-27 21:40:46,876 - DEBUG - Scraper identified, returning its Class
2025-07-27 21:40:46,915 - WARNING - goal_match ERROR for COM-2002: name 'self' is not defined
2025-07-27 21:40:46,920 - DEBUG - parsing P.330-332
2025-07-27 21:40:46,921 - DEBUG - Page range: 330 - 332
2025-07-27 21:40:46,925 - DEBUG - Scraper identified, returning its Class
2025-07-27 21:40:46,961 - WARNING - goal_match ERROR for COM-2002: name 'self' is not defined
2025-07-27 21:40:46,967 - DEBUG - parsing p.83-84
2025-07-27 21:40:46,967 - DEBUG - Page range: 83 - 84
2025-07-27 21:40:46,971 - DEBUG - Scraper identified, returning its Class
2025-07-27 21:40:46,993 - WARNING - goal_match ERROR for COM-2003: name 'self' is not defined
2025-07-27 21:40:47,001 - DEBUG - parsing p.110-111
2025-07-27 21:40:47,002 - DEBUG - Page range: 110 - 111
2025-07-27 21:40:47,006 - DEBUG - Scraper identified, returning its Class
2025-07-27 21:40:47,039 - DEBUG - Scraper identified, returning its Class
2025-07-27 21:40:47,043 - WARNING - goal_match ERROR for COM-2003: name 'self' is not defined
2025-07-27 21:40:47,053 - DEBUG - parsing p.130-132
2025-07-27 21:40:47,053 - DEBUG - Page range: 130 - 132
2025-07-27 21:40:47,057 - DEBUG - Scraper identified, returning its Class
2025-07-27 21:40:47,087 - DEBUG - Scraper identified, returning its Class
2025-07-27 21:40:47,090 - WARNING - goal_match ERROR for COM-2003: name 'self' is not defined
2025-07-27 21:40:47,098 - DEBUG - parsing p.168-169
2025-07-27 21:40:47,099 - DEBUG - Page range: 168 - 169
2025-07-27 21:40:47,103 - DEBUG - Scraper identified, returning its Class
2025-07-27 21:40:47,132 - DEBUG - Scraper identified, returning its Class
2025-07-27 21:40:47,136 - WARNING - goal_match ERROR for COM-2003: name 'self' is not defined
2025-07-27 21:40:47,142 - DEBUG - parsing P.207-208
2025-07-27 21:40:47,143 - DEBUG - Page range: 207 - 208
2025-07-27 21:40:47,148 - DEBUG - Scraper identified, returning its Class
2025-07-27 21:40:47,177 - DEBUG - Scraper identified, returning its Class
2025-07-27 21:40:47,182 - WARNING - goal_match ERROR for COM-2003: name 'self' is not defined
2025-07-27 21:40:47,186 - DEBUG - parsing P.227
2025-07-27 21:40:47,187 - DEBUG - Single page: 227
2025-07-27 21:40:47,192 - DEBUG - Scraper identified, returning its Class
2025-07-27 21:40:47,215 - DEBUG - Scraper identified, returning its Class
2025-07-27 21:40:47,220 - WARNING - goal_match ERROR for COM-2003: name 'self' is not defined
2025-07-27 21:40:47,225 - DEBUG - parsing P.249
2025-07-27 21:40:47,226 - DEBUG - Single page: 249
2025-07-27 21:40:47,230 - DEBUG - Scraper identified, returning its Class
2025-07-27 21:40:47,254 - DEBUG - Scraper identified, returning its Class
2025-07-27 21:40:47,259 - WARNING - goal_match ERROR for COM-2003: name 'self' is not defined
2025-07-27 21:40:47,264 - DEBUG - parsing P.272-273
2025-07-27 21:40:47,265 - DEBUG - Page range: 272 - 273
2025-07-27 21:40:47,269 - DEBUG - Scraper identified, returning its Class
2025-07-27 21:40:47,303 - DEBUG - Scraper identified, returning its Class
2025-07-27 21:40:47,309 - WARNING - goal_match ERROR for COM-2003: name 'self' is not defined
2025-07-27 21:40:47,315 - DEBUG - parsing P.322
2025-07-27 21:40:47,315 - DEBUG - Single page: 322
2025-07-27 21:40:47,319 - DEBUG - Scraper identified, returning its Class
2025-07-27 21:40:47,345 - DEBUG - Scraper identified, returning its Class
2025-07-27 21:40:47,350 - WARNING - goal_match ERROR for COM-2003: name 'self' is not defined
2025-07-27 21:40:47,356 - DEBUG - parsing P.342-344
2025-07-27 21:40:47,356 - DEBUG - Page range: 342 - 344
2025-07-27 21:40:47,362 - DEBUG - Scraper identified, returning its Class
2025-07-27 21:40:47,395 - DEBUG - Scraper identified, returning its Class
2025-07-27 21:40:47,400 - WARNING - goal_match ERROR for COM-2003: name 'self' is not defined
2025-07-27 21:40:47,405 - DEBUG - parsing P.403-404
2025-07-27 21:40:47,406 - DEBUG - Page range: 403 - 404
2025-07-27 21:40:47,410 - DEBUG - Scraper identified, returning its Class
2025-07-27 21:40:47,443 - DEBUG - Scraper identified, returning its Class
2025-07-27 21:40:47,451 - WARNING - goal_match ERROR for COM-2003: name 'self' is not defined
2025-07-27 21:40:47,456 - DEBUG - parsing P.440
2025-07-27 21:40:47,456 - DEBUG - Single page: 440
2025-07-27 21:40:47,460 - DEBUG - Scraper identified, returning its Class
2025-07-27 21:40:47,483 - DEBUG - Scraper identified, returning its Class
2025-07-27 21:40:47,487 - WARNING - goal_match ERROR for COM-2003: name 'self' is not defined
2025-07-27 21:40:47,495 - DEBUG - parsing P.294-339
2025-07-27 21:40:47,496 - DEBUG - Page range: 294 - 339
2025-07-27 21:40:47,500 - DEBUG - Scraper identified, returning its Class
2025-07-27 21:40:47,811 - DEBUG - Scraper identified, returning its Class
2025-07-27 21:40:48,236 - WARNING - goal_match ERROR for COM-2004: name 'self' is not defined
2025-07-27 21:40:48,242 - DEBUG - parsing p.20-23
2025-07-27 21:40:48,243 - DEBUG - Page range: 20 - 23
2025-07-27 21:40:48,246 - DEBUG - Scraper identified, returning its Class
2025-07-27 21:40:48,283 - DEBUG - Scraper identified, returning its Class
2025-07-27 21:40:48,288 - WARNING - goal_match ERROR for COM-2005: name 'self' is not defined
2025-07-27 21:40:48,295 - DEBUG - parsing p.20-23
2025-07-27 21:40:48,295 - DEBUG - Page range: 20 - 23
2025-07-27 21:40:48,300 - DEBUG - Scraper identified, returning its Class
2025-07-27 21:40:48,368 - DEBUG - Scraper identified, returning its Class
2025-07-27 21:40:48,381 - WARNING - goal_match ERROR for COM-2006: name 'self' is not defined
2025-07-27 21:40:48,388 - DEBUG - parsing p.22-23
2025-07-27 21:40:48,389 - DEBUG - Page range: 22 - 23
2025-07-27 21:40:48,392 - DEBUG - Scraper identified, returning its Class
2025-07-27 21:40:48,499 - DEBUG - Scraper identified, returning its Class
2025-07-27 21:40:48,504 - WARNING - goal_match ERROR for COM-2007: name 'self' is not defined
2025-07-27 21:40:48,533 - DEBUG - parsing p.22-23
2025-07-27 21:40:48,535 - DEBUG - Page range: 22 - 23
2025-07-27 21:40:48,541 - DEBUG - Scraper identified, returning its Class
2025-07-27 21:40:48,643 - DEBUG - Scraper identified, returning its Class
2025-07-27 21:40:48,651 - WARNING - goal_match ERROR for COM-2008: name 'self' is not defined
2025-07-27 21:40:48,677 - DEBUG - parsing p.26-27
2025-07-27 21:40:48,678 - DEBUG - Page range: 26 - 27
2025-07-27 21:40:48,683 - DEBUG - Scraper identified, returning its Class
2025-07-27 21:40:48,906 - DEBUG - Scraper identified, returning its Class
2025-07-27 21:40:48,916 - WARNING - goal_match ERROR for COM-2009: name 'self' is not defined
2025-07-27 21:40:48,954 - DEBUG - parsing p.25-26
2025-07-27 21:40:48,954 - DEBUG - Page range: 25 - 26
2025-07-27 21:40:48,957 - DEBUG - Scraper identified, returning its Class
2025-07-27 21:40:49,230 - DEBUG - Scraper identified, returning its Class
2025-07-27 21:40:49,238 - WARNING - goal_match ERROR for COM-2010: name 'self' is not defined
2025-07-27 21:40:49,278 - DEBUG - parsing p.27-30
2025-07-27 21:40:49,279 - DEBUG - Page range: 27 - 30
2025-07-27 21:40:49,283 - DEBUG - Scraper identified, returning its Class
2025-07-27 21:40:49,649 - DEBUG - Scraper identified, returning its Class
2025-07-27 21:40:49,661 - WARNING - goal_match ERROR for COM-2011: name 'self' is not defined
2025-07-27 21:40:49,715 - DEBUG - parsing P.7
2025-07-27 21:40:49,716 - DEBUG - Single page: 7
2025-07-27 21:40:49,721 - DEBUG - Scraper identified, returning its Class
2025-07-27 21:40:49,746 - DEBUG - Scraper identified, returning its Class
2025-07-27 21:40:49,753 - WARNING - goal_match ERROR for EDU-2002: name 'self' is not defined
2025-07-27 21:40:49,773 - DEBUG - parsing P.8
2025-07-27 21:40:49,774 - DEBUG - Single page: 8
2025-07-27 21:40:49,781 - DEBUG - Scraper identified, returning its Class
2025-07-27 21:40:49,809 - DEBUG - Scraper identified, returning its Class
2025-07-27 21:40:49,827 - WARNING - goal_match ERROR for EDU-2002: name 'self' is not defined
2025-07-27 21:40:49,849 - DEBUG - parsing P.8
2025-07-27 21:40:49,849 - DEBUG - Single page: 8
2025-07-27 21:40:49,854 - DEBUG - Scraper identified, returning its Class
2025-07-27 21:40:49,876 - DEBUG - Scraper identified, returning its Class
2025-07-27 21:40:49,890 - WARNING - goal_match ERROR for EDU-2002: name 'self' is not defined
2025-07-27 21:40:49,912 - DEBUG - parsing P.14
2025-07-27 21:40:49,913 - DEBUG - Single page: 14
2025-07-27 21:40:49,920 - DEBUG - Scraper identified, returning its Class
2025-07-27 21:40:49,941 - DEBUG - Scraper identified, returning its Class
2025-07-27 21:40:49,952 - WARNING - goal_match ERROR for EDU-2002: name 'self' is not defined
2025-07-27 21:40:49,977 - DEBUG - parsing P.15
2025-07-27 21:40:49,978 - DEBUG - Single page: 15
2025-07-27 21:40:49,986 - DEBUG - Scraper identified, returning its Class
2025-07-27 21:40:50,005 - DEBUG - Scraper identified, returning its Class
2025-07-27 21:40:50,012 - WARNING - goal_match ERROR for EDU-2002: name 'self' is not defined
2025-07-27 21:40:50,033 - DEBUG - parsing P.16
2025-07-27 21:40:50,034 - DEBUG - Single page: 16
2025-07-27 21:40:50,039 - DEBUG - Scraper identified, returning its Class
2025-07-27 21:40:50,055 - DEBUG - Scraper identified, returning its Class
2025-07-27 21:40:50,061 - WARNING - goal_match ERROR for EDU-2002: name 'self' is not defined
2025-07-27 21:40:50,079 - DEBUG - parsing P.17
2025-07-27 21:40:50,080 - DEBUG - Single page: 17
2025-07-27 21:40:50,085 - DEBUG - Scraper identified, returning its Class
2025-07-27 21:40:50,108 - DEBUG - Scraper identified, returning its Class
2025-07-27 21:40:50,122 - WARNING - goal_match ERROR for EDU-2002: name 'self' is not defined
2025-07-27 21:40:50,141 - DEBUG - parsing P.23
2025-07-27 21:40:50,141 - DEBUG - Single page: 23
2025-07-27 21:40:50,145 - DEBUG - Scraper identified, returning its Class
2025-07-27 21:40:50,167 - DEBUG - Scraper identified, returning its Class
2025-07-27 21:40:50,176 - WARNING - goal_match ERROR for EDU-2002: name 'self' is not defined
2025-07-27 21:40:50,193 - DEBUG - parsing P.23
2025-07-27 21:40:50,194 - DEBUG - Single page: 23
2025-07-27 21:40:50,198 - DEBUG - Scraper identified, returning its Class
2025-07-27 21:40:50,219 - DEBUG - Scraper identified, returning its Class
2025-07-27 21:40:50,228 - WARNING - goal_match ERROR for EDU-2002: name 'self' is not defined
2025-07-27 21:40:50,244 - DEBUG - parsing P.24
2025-07-27 21:40:50,245 - DEBUG - Single page: 24
2025-07-27 21:40:50,251 - DEBUG - Scraper identified, returning its Class
2025-07-27 21:40:50,272 - DEBUG - Scraper identified, returning its Class
2025-07-27 21:40:50,280 - WARNING - goal_match ERROR for EDU-2002: name 'self' is not defined
2025-07-27 21:40:50,299 - DEBUG - parsing P.30
2025-07-27 21:40:50,299 - DEBUG - Single page: 30
2025-07-27 21:40:50,303 - DEBUG - Scraper identified, returning its Class
2025-07-27 21:40:50,323 - DEBUG - Scraper identified, returning its Class
2025-07-27 21:40:50,334 - WARNING - goal_match ERROR for EDU-2002: name 'self' is not defined
2025-07-27 21:40:50,350 - DEBUG - parsing P.30
2025-07-27 21:40:50,351 - DEBUG - Single page: 30
2025-07-27 21:40:50,356 - DEBUG - Scraper identified, returning its Class
2025-07-27 21:40:50,376 - DEBUG - Scraper identified, returning its Class
2025-07-27 21:40:50,391 - WARNING - goal_match ERROR for EDU-2002: name 'self' is not defined
2025-07-27 21:40:50,416 - DEBUG - parsing P.37
2025-07-27 21:40:50,420 - DEBUG - Single page: 37
2025-07-27 21:40:50,424 - DEBUG - Scraper identified, returning its Class
2025-07-27 21:40:50,451 - DEBUG - Scraper identified, returning its Class
2025-07-27 21:40:50,466 - DEBUG - Scraper identified, returning its Class
2025-07-27 21:40:50,472 - WARNING - goal_match ERROR for EDU-2002: name 'self' is not defined
2025-07-27 21:40:50,491 - DEBUG - parsing P.37
2025-07-27 21:40:50,492 - DEBUG - Single page: 37
2025-07-27 21:40:50,505 - DEBUG - Scraper identified, returning its Class
2025-07-27 21:40:50,530 - DEBUG - Scraper identified, returning its Class
2025-07-27 21:40:50,542 - DEBUG - Scraper identified, returning its Class
2025-07-27 21:40:50,550 - WARNING - goal_match ERROR for EDU-2002: name 'self' is not defined
2025-07-27 21:40:50,567 - DEBUG - parsing p.38
2025-07-27 21:40:50,568 - DEBUG - Single page: 38
2025-07-27 21:40:50,571 - DEBUG - Scraper identified, returning its Class
2025-07-27 21:40:50,595 - DEBUG - Scraper identified, returning its Class
2025-07-27 21:40:50,606 - DEBUG - Scraper identified, returning its Class
2025-07-27 21:40:50,611 - WARNING - goal_match ERROR for EDU-2002: name 'self' is not defined
2025-07-27 21:40:50,628 - DEBUG - parsing p.38
2025-07-27 21:40:50,628 - DEBUG - Single page: 38
2025-07-27 21:40:50,633 - DEBUG - Scraper identified, returning its Class
2025-07-27 21:40:50,649 - DEBUG - Scraper identified, returning its Class
2025-07-27 21:40:50,660 - DEBUG - Scraper identified, returning its Class
2025-07-27 21:40:50,666 - WARNING - goal_match ERROR for EDU-2002: name 'self' is not defined
2025-07-27 21:40:50,684 - DEBUG - parsing p.39
2025-07-27 21:40:50,685 - DEBUG - Single page: 39
2025-07-27 21:40:50,689 - DEBUG - Scraper identified, returning its Class
2025-07-27 21:40:50,721 - DEBUG - Scraper identified, returning its Class
2025-07-27 21:40:50,737 - DEBUG - Scraper identified, returning its Class
2025-07-27 21:40:50,752 - WARNING - goal_match ERROR for EDU-2002: name 'self' is not defined
