2025-07-27 22:22:42,610 - INFO - Initialized Logger
2025-07-27 22:22:43,691 - INFO - Initialized MIDManager
2025-07-27 22:22:43,691 - INFO - Successfully loaded MID
2025-07-27 22:22:43,692 - DEBUG - Initializing UI
2025-07-27 22:22:43,694 - DEBUG - Added Load Document button
2025-07-27 22:22:43,695 - DEBUG - Added Previous Page button
2025-07-27 22:22:43,695 - DEBUG - Added Next Page button
2025-07-27 22:22:43,696 - DEBUG - Added Scrape Page button
2025-07-27 22:22:43,697 - DEBUG - Added Accept Scrape button
2025-07-27 22:22:43,697 - DEBUG - Added Reject Scrape button
2025-07-27 22:22:43,698 - DEBUG - Added Next MID Entry button
2025-07-27 22:22:43,698 - DEBUG - Added Previous MID Entry button
2025-07-27 22:22:43,699 - DEBUG - Added Settings button
2025-07-27 22:22:43,699 - DEBUG - Added Audit button
2025-07-27 22:22:43,700 - DEBUG - Created Side Panel
2025-07-27 22:22:44,208 - DEBUG - parsing p.13-14
2025-07-27 22:22:44,208 - DEBUG - Page range: 13 - 14
2025-07-27 22:22:44,209 - INFO - Loaded USDA_2002.pdf for USDA (2002), pages: [13, 14]
2025-07-27 22:22:44,209 - DEBUG - Attempting to display a new document page
2025-07-27 22:22:44,238 - DEBUG - Attempting to scrape page
2025-07-27 22:22:44,240 - DEBUG - Scraper identified, returning its Class
2025-07-27 22:22:44,252 - DEBUG - Scraped page 13
2025-07-27 22:22:44,253 - DEBUG - Updating info labels
2025-07-27 22:22:44,256 - DEBUG - First MID row loaded successfully
2025-07-27 22:22:44,338 - DEBUG - Window resized
2025-07-27 22:22:44,338 - DEBUG - Attempting to display a new document page
2025-07-27 22:22:44,356 - DEBUG - Attempting to scrape page
2025-07-27 22:22:44,358 - DEBUG - Scraper identified, returning its Class
2025-07-27 22:22:44,367 - DEBUG - Scraped page 13
2025-07-27 22:22:44,368 - DEBUG - Updating info labels
2025-07-27 22:22:51,267 - DEBUG - Attempting to open Settings
